<?xml version="1.0" encoding="UTF-8"?>
<testsuite name="com.example.usu1.Usu1ApplicationTests" tests="1" skipped="0" failures="0" errors="0" timestamp="2025-08-26T12:43:56.798Z" hostname="headui-MacBookAir.local" time="0.403">
  <properties/>
  <testcase name="contextLoads()" classname="com.example.usu1.Usu1ApplicationTests" time="0.403"/>
  <system-out><![CDATA[21:43:55.604 [Test worker] INFO org.springframework.test.context.support.AnnotationConfigContextLoaderUtils -- Could not detect default configuration classes for test class [com.example.usu1.Usu1ApplicationTests]: Usu1ApplicationTests does not declare any static, non-private, non-final, nested classes annotated with @Configuration.
21:43:55.664 [Test worker] INFO org.springframework.boot.test.context.SpringBootTestContextBootstrapper -- Found @SpringBootConfiguration com.example.usu1.Usu1Application for test class com.example.usu1.Usu1ApplicationTests

  .   ____          _            __ _ _
 /\\ / ___'_ __ _ _(_)_ __  __ _ \ \ \ \
( ( )\___ | '_ | '_| | '_ \/ _` | \ \ \ \
 \\/  ___)| |_)| | | | | || (_| |  ) ) ) )
  '  |____| .__|_| |_|_| |_\__, | / / / /
 =========|_|==============|___/=/_/_/_/

 :: Spring Boot ::                (v3.5.4)

2025-08-26T21:43:55.895+09:00  INFO 3207 --- [usu1] [    Test worker] com.example.usu1.Usu1ApplicationTests    : Starting Usu1ApplicationTests using Java 17.0.15 with PID 3207 (started by head in /Users/head/Desktop/#QUEST1/백엔드 연습중/#1 backend-training/backend-training-center)
2025-08-26T21:43:55.896+09:00  INFO 3207 --- [usu1] [    Test worker] com.example.usu1.Usu1ApplicationTests    : No active profile set, falling back to 1 default profile: "default"
2025-08-26T21:43:56.343+09:00  INFO 3207 --- [usu1] [    Test worker] com.zaxxer.hikari.HikariDataSource       : HikariPool-1 - Starting...
2025-08-26T21:43:56.441+09:00  INFO 3207 --- [usu1] [    Test worker] com.zaxxer.hikari.pool.HikariPool        : HikariPool-1 - Added connection org.postgresql.jdbc.PgConnection@7f353a0f
2025-08-26T21:43:56.442+09:00  INFO 3207 --- [usu1] [    Test worker] com.zaxxer.hikari.HikariDataSource       : HikariPool-1 - Start completed.
Logging initialized using 'class org.apache.ibatis.logging.stdout.StdOutImpl' adapter.
2025-08-26T21:43:56.790+09:00  INFO 3207 --- [usu1] [    Test worker] com.example.usu1.Usu1ApplicationTests    : Started Usu1ApplicationTests in 1.041 seconds (process running for 1.683)
]]></system-out>
  <system-err><![CDATA[]]></system-err>
</testsuite>
