<?xml version="1.0" encoding="UTF-8"?>
<testsuite name="com.example.usu1.Usu1ApplicationTests" tests="1" skipped="0" failures="0" errors="0" timestamp="2025-08-27T08:10:35.629Z" hostname="headui-MacBookAir.local" time="0.427">
  <properties/>
  <testcase name="contextLoads()" classname="com.example.usu1.Usu1ApplicationTests" time="0.427"/>
  <system-out><![CDATA[17:10:34.072 [Test worker] INFO org.springframework.test.context.support.AnnotationConfigContextLoaderUtils -- Could not detect default configuration classes for test class [com.example.usu1.Usu1ApplicationTests]: Usu1ApplicationTests does not declare any static, non-private, non-final, nested classes annotated with @Configuration.
17:10:34.162 [Test worker] INFO org.springframework.boot.test.context.SpringBootTestContextBootstrapper -- Found @SpringBootConfiguration com.example.usu1.Usu1Application for test class com.example.usu1.Usu1ApplicationTests

  .   ____          _            __ _ _
 /\\ / ___'_ __ _ _(_)_ __  __ _ \ \ \ \
( ( )\___ | '_ | '_| | '_ \/ _` | \ \ \ \
 \\/  ___)| |_)| | | | | || (_| |  ) ) ) )
  '  |____| .__|_| |_|_| |_\__, | / / / /
 =========|_|==============|___/=/_/_/_/

 :: Spring Boot ::                (v3.5.4)

2025-08-27T17:10:34.504+09:00  INFO 57666 --- [usu1] [    Test worker] com.example.usu1.Usu1ApplicationTests    : Starting Usu1ApplicationTests using Java 17.0.15 with PID 57666 (started by head in /Users/head/Desktop/#QUEST1/백엔드 연습중/#1 backend-training/backend-training-center)
2025-08-27T17:10:34.506+09:00  INFO 57666 --- [usu1] [    Test worker] com.example.usu1.Usu1ApplicationTests    : No active profile set, falling back to 1 default profile: "default"
2025-08-27T17:10:35.147+09:00  INFO 57666 --- [usu1] [    Test worker] com.zaxxer.hikari.HikariDataSource       : HikariPool-1 - Starting...
2025-08-27T17:10:35.203+09:00  INFO 57666 --- [usu1] [    Test worker] com.zaxxer.hikari.pool.HikariPool        : HikariPool-1 - Added connection org.postgresql.jdbc.PgConnection@420cd102
2025-08-27T17:10:35.204+09:00  INFO 57666 --- [usu1] [    Test worker] com.zaxxer.hikari.HikariDataSource       : HikariPool-1 - Start completed.
Logging initialized using 'class org.apache.ibatis.logging.stdout.StdOutImpl' adapter.
2025-08-27T17:10:35.620+09:00  INFO 57666 --- [usu1] [    Test worker] com.example.usu1.Usu1ApplicationTests    : Started Usu1ApplicationTests in 1.342 seconds (process running for 2.168)
]]></system-out>
  <system-err><![CDATA[]]></system-err>
</testsuite>
