<?xml version="1.0" encoding="UTF-8"?>
<testsuite name="com.example.usu1.Usu1ApplicationTests" tests="1" skipped="0" failures="0" errors="0" timestamp="2025-08-29T13:04:30.118Z" hostname="headui-MacBookAir.local" time="0.441">
  <properties/>
  <testcase name="contextLoads()" classname="com.example.usu1.Usu1ApplicationTests" time="0.441"/>
  <system-out><![CDATA[22:04:28.744 [Test worker] INFO org.springframework.test.context.support.AnnotationConfigContextLoaderUtils -- Could not detect default configuration classes for test class [com.example.usu1.Usu1ApplicationTests]: Usu1ApplicationTests does not declare any static, non-private, non-final, nested classes annotated with @Configuration.
22:04:28.808 [Test worker] INFO org.springframework.boot.test.context.SpringBootTestContextBootstrapper -- Found @SpringBootConfiguration com.example.usu1.Usu1Application for test class com.example.usu1.Usu1ApplicationTests

  .   ____          _            __ _ _
 /\\ / ___'_ __ _ _(_)_ __  __ _ \ \ \ \
( ( )\___ | '_ | '_| | '_ \/ _` | \ \ \ \
 \\/  ___)| |_)| | | | | || (_| |  ) ) ) )
  '  |____| .__|_| |_|_| |_\__, | / / / /
 =========|_|==============|___/=/_/_/_/

 :: Spring Boot ::                (v3.5.4)

2025-08-29T22:04:29.058+09:00  INFO 77284 --- [usu1] [    Test worker] com.example.usu1.Usu1ApplicationTests    : Starting Usu1ApplicationTests using Java 17.0.15 with PID 77284 (started by head in /Users/head/Desktop/#QUEST1/백엔드 연습중/#1 backend-training/backend-training-center)
2025-08-29T22:04:29.059+09:00  INFO 77284 --- [usu1] [    Test worker] com.example.usu1.Usu1ApplicationTests    : No active profile set, falling back to 1 default profile: "default"
2025-08-29T22:04:29.606+09:00  INFO 77284 --- [usu1] [    Test worker] com.zaxxer.hikari.HikariDataSource       : HikariPool-1 - Starting...
2025-08-29T22:04:29.664+09:00  INFO 77284 --- [usu1] [    Test worker] com.zaxxer.hikari.pool.HikariPool        : HikariPool-1 - Added connection org.postgresql.jdbc.PgConnection@4e0cc334
2025-08-29T22:04:29.665+09:00  INFO 77284 --- [usu1] [    Test worker] com.zaxxer.hikari.HikariDataSource       : HikariPool-1 - Start completed.
Logging initialized using 'class org.apache.ibatis.logging.stdout.StdOutImpl' adapter.
2025-08-29T22:04:29.912+09:00  INFO 77284 --- [usu1] [    Test worker] o.s.v.b.OptionalValidatorFactoryBean     : Failed to set up a Bean Validation provider: jakarta.validation.NoProviderFoundException: Unable to create a Configuration, because no Jakarta Bean Validation provider could be found. Add a provider like Hibernate Validator (RI) to your classpath.
2025-08-29T22:04:30.109+09:00  INFO 77284 --- [usu1] [    Test worker] com.example.usu1.Usu1ApplicationTests    : Started Usu1ApplicationTests in 1.212 seconds (process running for 1.868)
]]></system-out>
  <system-err><![CDATA[]]></system-err>
</testsuite>
